build/app/outputs/mapping/release/mapping.txt
# compiler: R8
# compiler_version: 1.5.64
# min_api: 16
# pg_map_id: 5b19928
com.example.flutter_jsonapplication.MainActivity -> com.example.flutter_jsonapplication.MainActivity:
    void configureFlutterEngine(io.flutter.embedding.engine.FlutterEngine) -> a
...
io.flutter.Log -> b.a.b:
    void d(java.lang.String,java.lang.String) -> a
    void e(java.lang.String,java.lang.String,java.lang.Throwable) -> a
    void e(java.lang.String,java.lang.String) -> b
    void w(java.lang.String,java.lang.String,java.lang.Throwable) -> b
    void i(java.lang.String,java.lang.String) -> c
    void v(java.lang.String,java.lang.String) -> d
    void w(java.lang.String,java.lang.String) -> e
io.flutter.embedding.android.-$$Lambda$KeyChannelResponder$JpfmDdKZzCsQFem066be6lLfZqM -> io.flutter.embedding.android.a:
    io.flutter.embedding.android.KeyboardManager$Responder$OnKeyEventHandledCallback f$0 -> a
    void onFrameworkResponse(boolean) -> a
io.flutter.embedding.android.AndroidTouchProcessor -> io.flutter.embedding.android.b:
    io.flutter.embedding.android.MotionEventTracker motionEventTracker -> b
    io.flutter.embedding.engine.renderer.FlutterRenderer renderer -> a
    android.graphics.Matrix IDENTITY_TRANSFORM -> d
    boolean trackMotionEvents -> c
    void addPointerForIndex(android.view.MotionEvent,int,int,int,android.graphics.Matrix,java.nio.ByteBuffer) -> a
    int getPointerChangeForAction(int) -> a
    boolean onGenericMotionEvent(android.view.MotionEvent) -> a
    boolean onTouchEvent(android.view.MotionEvent,android.graphics.Matrix) -> a
    int getPointerDeviceTypeForToolType(int) -> b
    boolean onTouchEvent(android.view.MotionEvent) -> b
io.flutter.embedding.android.DrawableSplashScreen -> io.flutter.embedding.android.c:
    android.widget.ImageView$ScaleType scaleType -> b
    io.flutter.embedding.android.DrawableSplashScreen$DrawableSplashScreenView splashView -> d
    long crossfadeDurationInMillis -> c
    android.graphics.drawable.Drawable drawable -> a
    android.view.View createSplashView(android.content.Context,android.os.Bundle) -> a
    boolean doesSplashViewRememberItsTransition() -> a
    void transitionToFlutter(java.lang.Runnable) -> a
    android.os.Bundle saveSplashScreenState() -> b
io.flutter.embedding.android.DrawableSplashScreen$1 -> io.flutter.embedding.android.c$a:
    java.lang.Runnable val$onTransitionComplete -> a
io.flutter.embedding.android.DrawableSplashScreen$DrawableSplashScreenView -> io.flutter.embedding.android.c$b:
    void setSplashDrawable(android.graphics.drawable.Drawable,android.widget.ImageView$ScaleType) -> a
io.flutter.embedding.android.ExclusiveAppComponent -> io.flutter.embedding.android.d:
    void detachFromFlutterEngine() -> d
    java.lang.Object getAppComponent() -> e
io.flutter.embedding.android.FlutterActivity -> io.flutter.embedding.android.e:
    io.flutter.embedding.android.FlutterActivityAndFragmentDelegate delegate -> a
    int FLUTTER_VIEW_ID -> c
    androidx.lifecycle.LifecycleRegistry lifecycle -> b
    android.view.View createFlutterView() -> A
    android.graphics.drawable.Drawable getSplashScreenFromManifest() -> B
    boolean isDebuggable() -> C
    void release() -> D
    void switchLaunchThemeForNormalTheme() -> E
    void onFlutterSurfaceViewCreated(io.flutter.embedding.android.FlutterSurfaceView) -> a
    void onFlutterTextureViewCreated(io.flutter.embedding.android.FlutterTextureView) -> a
    void onFlutterUiDisplayed() -> a
    io.flutter.embedding.engine.FlutterEngine provideFlutterEngine(android.content.Context) -> a
    io.flutter.plugin.platform.PlatformPlugin providePlatformPlugin(android.app.Activity,io.flutter.embedding.engine.FlutterEngine) -> a
    boolean stillAttachedForEvent(java.lang.String) -> a
    void cleanUpFlutterEngine(io.flutter.embedding.engine.FlutterEngine) -> b
    void onFlutterUiNoLongerDisplayed() -> b
    androidx.lifecycle.Lifecycle getLifecycle() -> c
    void detachFromFlutterEngine() -> d
    android.app.Activity getActivity() -> e
    java.lang.String getInitialRoute() -> f
    io.flutter.embedding.engine.FlutterShellArgs getFlutterShellArgs() -> g
    java.lang.String getAppBundlePath() -> h
    boolean shouldAttachEngineToActivity() -> i